Variable: t
Total Prob: 1.0
Possible values with probabilities:
[2,3,4]
Calculator Result Histogram:
2: *************************
3: **************************************************
4: *************************

Metrics:
Expected value (mean): 3.0
Variance: 0.5
Standard deviation: 0.7071067811865476


Variable: t
Total Prob: 1.0
Possible values with probabilities:
[2,3,4]
Calculator Result Histogram:
2: *************************
3: **************************************************
4: *************************

Metrics:
Expected value (mean): 3.0
Variance: 0.5
Standard deviation: 0.7071067811865476


Variable: t
Total Prob: 1.0
Possible values with probabilities:
[-4,-3,-2,-1,0,1,2,3,4,5,6,7,8,9,10,11,12,13,14,15,16]
Calculator Result Histogram:
-4: 
-3: 
-2: *
-1: ***
0: ******
1: **********
2: **************
3: ***************
4: ************
5: **********
6: **********
7: ******
8: ****
9: ****
10: **
11: *
12: *
13: *
14: 
15: 
16: 

Metrics:
Expected value (mean): 4.0
Variance: 9.25
Standard deviation: 3.0413812651491097


