Variable: t
Total Prob: 1.0
Possible values with probabilities:
[-1,0,1,2,3,4,5,6,7,8,9,10,11,12,13,14,15,16,17,18,19]
Calculator Result Histogram:
-1: 
0: *
1: ****
2: ********
3: ************
4: ************
5: ***********
6: ************
7: ********
8: ********
9: ********
10: ****
11: ***
12: ***
13: **
14: *
15: *
16: *
17: 
18: 
19: 

Metrics:
Expected value (mean): 6.0
Variance: 11.75
Standard deviation: 3.427827300200522


Variable: t
Total Prob: 1.0
Possible values with probabilities:
[2,3,4]
Calculator Result Histogram:
2: *************************
3: **************************************************
4: *************************

Metrics:
Expected value (mean): 3.0
Variance: 0.5
Standard deviation: 0.7071067811865476


Variable: t
Total Prob: 1.0
Possible values with probabilities:
[2,3,4]
Calculator Result Histogram:
2: *************************
3: **************************************************
4: *************************

Metrics:
Expected value (mean): 3.0
Variance: 0.5
Standard deviation: 0.7071067811865476


Variable: t
Total Prob: 1.0
Possible values with probabilities:
[2,3,4]
Calculator Result Histogram:
2: *************************
3: **************************************************
4: *************************

Metrics:
Expected value (mean): 3.0
Variance: 0.5
Standard deviation: 0.7071067811865476


